Log file open, 05/06/24 18:19:27
LogICUInternationalization: ICU TimeZone Detection - Raw Offset: +1:00, Platform Override: ''
LogConfig: No local boot hotfix file found at: [/home/athul/.config/Epic/CrashReportClient/Saved/PersistentDownloadDir/HotfixForNextBoot.txt]
LogInit: ExecutableName: CrashReportClientEditor
LogInit: Build: ++UE5+Release-5.4-CL-33305029
LogInit: Platform=Linux
LogInit: MachineId=7fad4720429543beae02b4c0315bf533-000003e8
LogInit: DeviceId=
LogInit: Engine Version: 5.4.1-33305029+++UE5+Release-5.4
LogInit: Compatible Engine Version: 5.4.0-33043543+++UE5+Release-5.4
LogInit: Net CL: 33043543
LogInit: OS: Ubuntu 22.04.4 LTS (6.5.0-28-generic), CPU: 11th Gen Intel(R) Core(TM) i7-1165G7 @ 2.80GHz, GPU: NVIDIA T500 (NVIDIA UNIX x86_64 Kernel Module  535.171.04  Tue Mar 19 20:30:00 UTC 2024)
LogInit: Compiled (64-bit): Apr 30 2024 04:59:46
LogInit: Architecture: x64
LogInit: Compiled with Clang: 16.0.6 (github.com/llvm/llvm-project 7cbf1a2591520c2491aa35339f227775f4d3adf6)
LogInit: Build Configuration: Shipping
LogInit: Branch Name: ++UE5+Release-5.4
LogInit: Command Line:  -Abslog="/home/athul/unreal-engine-5-cpp-course/warehousewreckage1/Saved/Logs/warehousewreckage1-CRC.log" -Unattended "/home/athul/unreal-engine-5-cpp-course/warehousewreckage1/Saved/Crashes/stallinfo-warehousewreckage1-pid-34562-F0A95704EA48400D8036277FAFD03814/"
LogInit: Base Directory: /home/athul/unreal-engine/Linux_Unreal_Engine_5.4.1/Engine/Binaries/Linux/
LogInit: Allocator: Mimalloc
LogInit: Installed Engine Build: 1
LogInit: This binary is optimized with LTO: no, PGO: no, instrumented for PGO data collection: no
LogInit: Presizing for max 2097152 objects, including 1 objects not considered by GC, pre-allocating 0 bytes for permanent pool.
LogInit: Object subsystem initialized
LogConfig: Applying CVar settings from Section [ConsoleVariables] File [Engine]
[2024.05.06-16.19.27:159][  0]LogConfig: Set CVar [[memory.MemoryPressureCriticalThresholdMB:512]]
[2024.05.06-16.19.27:159][  0]LogInit: Unix hardware info:
[2024.05.06-16.19.27:159][  0]LogInit:  - we are the first instance of this executable
[2024.05.06-16.19.27:159][  0]LogInit:  - this process' id (pid) is 35371, parent process' id (ppid) is 34562
[2024.05.06-16.19.27:159][  0]LogInit:  - we are not running under debugger
[2024.05.06-16.19.27:159][  0]LogInit:  - machine network name is 'PDC-NL-L174'
[2024.05.06-16.19.27:159][  0]LogInit:  - user name is 'athul' (athul)
[2024.05.06-16.19.27:159][  0]LogInit:  - we're logged in locally
[2024.05.06-16.19.27:159][  0]LogInit:  - we're running with rendering
[2024.05.06-16.19.27:159][  0]LogInit:  - CPU: GenuineIntel '11th Gen Intel(R) Core(TM) i7-1165G7 @ 2.80GHz' (signature: 0x806C1)
[2024.05.06-16.19.27:159][  0]LogInit:  - Number of physical cores available for the process: 4
[2024.05.06-16.19.27:159][  0]LogInit:  - Number of logical cores available for the process: 8
[2024.05.06-16.19.27:159][  0]LogInit:  - GPU Brand Info: NVIDIA T500 (NVIDIA UNIX x86_64 Kernel Module  535.171.04  Tue Mar 19 20:30:00 UTC 2024)
[2024.05.06-16.19.27:159][  0]LogInit:  - Memory allocator used: Mimalloc
[2024.05.06-16.19.27:159][  0]LogInit:  - This is an internal build.
[2024.05.06-16.19.27:159][  0]LogCore: Skipped benchmarking clocks because the engine is running in a standalone program mode - CLOCK_MONOTONIC will be used.
[2024.05.06-16.19.27:159][  0]LogInit: Unix-specific commandline switches:
[2024.05.06-16.19.27:159][  0]LogInit:  -ansimalloc - use malloc()/free() from libc (useful for tools like valgrind and electric fence)
[2024.05.06-16.19.27:159][  0]LogInit:  -jemalloc - use jemalloc for all memory allocation
[2024.05.06-16.19.27:159][  0]LogInit:  -binnedmalloc - use binned malloc  for all memory allocation
[2024.05.06-16.19.27:159][  0]LogInit:  -filemapcachesize=NUMBER - set the size for case-sensitive file mapping cache
[2024.05.06-16.19.27:159][  0]LogInit:  -useksm - uses kernel same-page mapping (KSM) for mapped memory (OFF)
[2024.05.06-16.19.27:159][  0]LogInit:  -ksmmergeall - marks all mmap'd memory pages suitable for KSM (OFF)
[2024.05.06-16.19.27:159][  0]LogInit:  -preloadmodulesymbols - Loads the main module symbols file into memory (OFF)
[2024.05.06-16.19.27:159][  0]LogInit:  -sigdfl=SIGNAL - Allows a specific signal to be set to its default handler rather then ignoring the signal
[2024.05.06-16.19.27:159][  0]LogInit:  -crashhandlerstacksize - Allows setting crash handler stack sizes (204800)
[2024.05.06-16.19.27:159][  0]LogInit:  -noexclusivelockonwrite - disables marking files created by the engine as exclusive locked while the engine has them opened
[2024.05.06-16.19.27:159][  0]LogInit:  -httpproxy=ADDRESS:PORT - redirects HTTP requests to a proxy (only supported if compiled with libcurl)
[2024.05.06-16.19.27:159][  0]LogInit:  -reuseconn - allow libcurl to reuse HTTP connections (only matters if compiled with libcurl)
[2024.05.06-16.19.27:159][  0]LogInit:  -virtmemkb=NUMBER - sets process virtual memory (address space) limit (overrides VirtualMemoryLimitInKB value from .ini)
[2024.05.06-16.19.27:159][  0]LogInit:  -allowsyscallfilterfile=PATH_TO_FILE - sets up a system call filter allow list. any invalid syscall in this list *will* cause a crash
[2024.05.06-16.19.27:159][  0]LogInit:  - Physical RAM available (not considering process quota): 16 GB (15667 MB, 16043944 KB, 16428998656 bytes)
[2024.05.06-16.19.27:159][  0]LogInit:  - VirtualMemoryAllocator pools will grow at scale 1
[2024.05.06-16.19.27:159][  0]LogInit:  - MemoryRangeDecommit() will be a no-op (re-run with -vmapoolevict to change)
[2024.05.06-16.19.27:159][  0]LogInit:  - PageSize 4096
[2024.05.06-16.19.27:159][  0]LogInit:  - BinnedPageSize 65536
[2024.05.06-16.19.27:164][  0]LogUObjectArray: 475 objects as part of root set at end of initial load.
[2024.05.06-16.19.27:164][  0]LogUObjectArray: 0 objects are not in the root set, but can never be destroyed because they are in the DisregardForGC set.
[2024.05.06-16.19.27:164][  0]LogUObjectAllocator: 80416 out of 0 bytes used by permanent object pool.
[2024.05.06-16.19.27:164][  0]LogUObjectArray: CloseDisregardForGC: 475/475 objects in disregard for GC pool
[2024.05.06-16.19.27:164][  0]LogInit: Using OS detected language (en-US).
[2024.05.06-16.19.27:164][  0]LogInit: Using OS detected locale (en-US).
[2024.05.06-16.19.27:165][  0]LogTextLocalizationManager: No specific localization for 'en-US' exists, so 'en' will be used for the language.
[2024.05.06-16.19.27:212][  0]LogInit: Using OS detected language (en-US).
[2024.05.06-16.19.27:212][  0]LogInit: Using OS detected locale (en-US).
[2024.05.06-16.19.27:212][  0]LogTextLocalizationManager: No localization for 'en-US' exists, so 'en' will be used for the language.
[2024.05.06-16.19.27:212][  0]LogTextLocalizationManager: No localization for 'en-US' exists, so 'en' will be used for the locale.
[2024.05.06-16.19.27:212][  0]LogPackageLocalizationCache: Processed 2 localized package path(s) for 1 prioritized culture(s) in 0.000051 seconds
[2024.05.06-16.19.27:234][  0]LogInit: Using libcurl 8.4.0
[2024.05.06-16.19.27:234][  0]LogInit:  - built for x86_64-unknown-linux-gnu
[2024.05.06-16.19.27:234][  0]LogInit:  - supports SSL with OpenSSL/1.1.1t
[2024.05.06-16.19.27:234][  0]LogInit:  - supports HTTP deflate (compression) using libz 1.3
[2024.05.06-16.19.27:234][  0]LogInit:  - other features:
[2024.05.06-16.19.27:234][  0]LogInit:      CURL_VERSION_SSL
[2024.05.06-16.19.27:234][  0]LogInit:      CURL_VERSION_LIBZ
[2024.05.06-16.19.27:234][  0]LogInit:      CURL_VERSION_IPV6
[2024.05.06-16.19.27:234][  0]LogInit:      CURL_VERSION_ASYNCHDNS
[2024.05.06-16.19.27:234][  0]LogInit:      CURL_VERSION_LARGEFILE
[2024.05.06-16.19.27:234][  0]LogInit:      CURL_VERSION_TLSAUTH_SRP
[2024.05.06-16.19.27:234][  0]LogInit:  CurlRequestOptions (configurable via config and command line):
[2024.05.06-16.19.27:234][  0]LogInit:  - bVerifyPeer = false  - Libcurl will NOT verify peer certificate
[2024.05.06-16.19.27:234][  0]LogInit:  - bUseHttpProxy = false  - Libcurl will NOT use HTTP proxy
[2024.05.06-16.19.27:234][  0]LogInit:  - bDontReuseConnections = false  - Libcurl will reuse connections
[2024.05.06-16.19.27:234][  0]LogInit:  - MaxHostConnections = 16  - Libcurl will limit the number of connections to a host
[2024.05.06-16.19.27:234][  0]LogInit:  - LocalHostAddr = Default
[2024.05.06-16.19.27:234][  0]LogInit:  - BufferSize = 65536
[2024.05.06-16.19.27:234][  0]LogInit: CreateHttpThread using FCurlMultiPollEventLoopHttpThread
[2024.05.06-16.19.27:234][  0]LogAnalytics: Display: [CrashReporter.Release] APIServer = https://datarouter.ol.epicgames.com/datarouter/api/v1/public/data. AppVersion = ++UE5+Release-5.4-CL-33305029
[2024.05.06-16.19.27:237][  0]CrashReportCoreLog: Display: Applying project settings from '/home/athul/unreal-engine-5-cpp-course/warehousewreckage1/Saved/Crashes/stallinfo-warehousewreckage1-pid-34562-F0A95704EA48400D8036277FAFD03814/CrashReportClient.ini'.
[2024.05.06-16.19.27:237][  0]CrashReportCoreLog: CrashReportClientVersion=1.0
[2024.05.06-16.19.27:237][  0]CrashReportCoreLog: CrashReportReceiver disabled
[2024.05.06-16.19.27:237][  0]CrashReportCoreLog: DataRouterUrl: https://datarouter.ol.epicgames.com/datarouter/api/v1/public/data
[2024.05.06-16.19.27:238][  0]CrashReportCoreLog: Initial state = Unknown UploadState value
[2024.05.06-16.19.27:238][  0]CrashReportCoreLog: Initial state = Unknown UploadState value
[2024.05.06-16.19.27:238][  0]LogCrashDebugHelper: DepotName: //UE5/Release-5.4
[2024.05.06-16.19.27:238][  0]LogCrashDebugHelper: BuiltFromCL: 33305029
[2024.05.06-16.19.27:238][  0]LogCrashDebugHelper: EngineVersion: 5.4.1-33305029+++UE5+Release-5.4
[2024.05.06-16.19.27:238][  0]LogCrashDebugHelper: BuildVersion: ++UE5+Release-5.4-CL-33305029
[2024.05.06-16.19.28:214][  0]CrashReportCoreLog: Got 4 pending files to upload from 'stallinfo-warehousewreckage1-pid-34562-F0A95704EA48400D8036277FAFD03814'
[2024.05.06-16.19.28:214][  0]CrashReportCoreLog: State change from Ready to SendingFiles
[2024.05.06-16.19.28:214][  0]CrashReportCoreLog: CompressAndSendData have 4 pending files
[2024.05.06-16.19.28:215][  0]CrashReportCoreLog: CompressAndSendData compressing 383676 bytes ('/home/athul/unreal-engine-5-cpp-course/warehousewreckage1/Saved/Crashes/stallinfo-warehousewreckage1-pid-34562-F0A95704EA48400D8036277FAFD03814/warehousewreckage1.log')
[2024.05.06-16.19.28:215][  0]CrashReportCoreLog: CompressAndSendData compressing 179 bytes ('/home/athul/unreal-engine-5-cpp-course/warehousewreckage1/Saved/Crashes/stallinfo-warehousewreckage1-pid-34562-F0A95704EA48400D8036277FAFD03814/CrashReportClient.ini')
[2024.05.06-16.19.28:215][  0]CrashReportCoreLog: CompressAndSendData compressing 41884 bytes ('/home/athul/unreal-engine-5-cpp-course/warehousewreckage1/Saved/Crashes/stallinfo-warehousewreckage1-pid-34562-F0A95704EA48400D8036277FAFD03814/CrashContext.runtime-xml')
[2024.05.06-16.19.28:215][  0]CrashReportCoreLog: CompressAndSendData compressing 9337 bytes ('/home/athul/unreal-engine-5-cpp-course/warehousewreckage1/Saved/Crashes/stallinfo-warehousewreckage1-pid-34562-F0A95704EA48400D8036277FAFD03814/Diagnostics.txt')
[2024.05.06-16.19.28:224][  0]CrashReportCoreLog: Sending HTTP request: https://datarouter.ol.epicgames.com/datarouter/api/v1/public/data?AppID=CrashReporter&AppVersion=5.4.1-33305029%2B%2B%2BUE5%2BRelease-5.4&AppEnvironment=Release&UploadType=crashreports&UserID=7fad4720429543beae02b4c0315bf533-000003e8%7C%7C7fad4720429543beae02b4c0315bf533, Payload size: 57504
[2024.05.06-16.19.28:782][  0]CrashReportCoreLog: OnProcessRequestComplete(), State=SendingFiles bSucceeded=1
[2024.05.06-16.19.28:782][  0]CrashReportCoreLog: State change from SendingFiles to SendingFiles
[2024.05.06-16.19.28:782][  0]CrashReportCoreLog: All uploads done
[2024.05.06-16.19.28:782][  0]CrashReportCoreLog: State change from SendingFiles to Finished
[2024.05.06-16.19.29:249][  0]CrashReportCoreLog: Final state (Receiver) = Finished
[2024.05.06-16.19.29:249][  0]CrashReportCoreLog: Final state (Receiver) = Unknown UploadState value
[2024.05.06-16.19.29:249][  0]LogAnalytics: Display: [CrashReporter.Release] Destroying ET Analytics provider
[2024.05.06-16.19.29:249][  0]LogAnalytics: Display: [CrashReporter.Release] Ended ET Analytics provider session
[2024.05.06-16.19.29:249][  0]LogAnalytics: Display: [CrashReporter.Release] Destroyed ET Analytics provider
[2024.05.06-16.19.29:249][  0]LogCore: Engine exit requested (reason: CrashReportClientApp RequestExit)
[2024.05.06-16.19.29:249][  0]LogExit: Preparing to exit.
[2024.05.06-16.19.29:272][  0]LogExit: Object subsystem successfully closed.
[2024.05.06-16.19.29:773][  0]LogPakFile: Destroying PakPlatformFile
[2024.05.06-16.19.29:774][  0]LogExit: Exiting.
[2024.05.06-16.19.29:785][  0]Log file closed, 05/06/24 18:19:29
