Log file open, 05/06/24 17:15:54
LogICUInternationalization: ICU TimeZone Detection - Raw Offset: +1:00, Platform Override: ''
LogConfig: No local boot hotfix file found at: [/home/athul/.config/Epic/CrashReportClient/Saved/PersistentDownloadDir/HotfixForNextBoot.txt]
LogInit: ExecutableName: CrashReportClientEditor
LogInit: Build: ++UE5+Release-5.4-CL-33305029
LogInit: Platform=Linux
LogInit: MachineId=7fad4720429543beae02b4c0315bf533-000003e8
LogInit: DeviceId=
LogInit: Engine Version: 5.4.1-33305029+++UE5+Release-5.4
LogInit: Compatible Engine Version: 5.4.0-33043543+++UE5+Release-5.4
LogInit: Net CL: 33043543
LogInit: OS: Ubuntu 22.04.4 LTS (6.5.0-28-generic), CPU: 11th Gen Intel(R) Core(TM) i7-1165G7 @ 2.80GHz, GPU: NVIDIA T500 (NVIDIA UNIX x86_64 Kernel Module  535.171.04  Tue Mar 19 20:30:00 UTC 2024)
LogInit: Compiled (64-bit): Apr 30 2024 04:59:46
LogInit: Architecture: x64
LogInit: Compiled with Clang: 16.0.6 (github.com/llvm/llvm-project 7cbf1a2591520c2491aa35339f227775f4d3adf6)
LogInit: Build Configuration: Shipping
LogInit: Branch Name: ++UE5+Release-5.4
LogInit: Command Line:  -Abslog="/home/athul/unreal-engine-5-cpp-course/introproject1/Saved/Logs/introproject1-CRC.log" "/home/athul/unreal-engine-5-cpp-course/introproject1/Saved/Crashes/crashinfo-introproject1-pid-31501-ACF4A5A2DE3D4CB49ACF642D68C821B3/"
LogInit: Base Directory: /home/athul/unreal-engine/Linux_Unreal_Engine_5.4.1/Engine/Binaries/Linux/
LogInit: Allocator: Mimalloc
LogInit: Installed Engine Build: 1
LogInit: This binary is optimized with LTO: no, PGO: no, instrumented for PGO data collection: no
LogInit: Presizing for max 2097152 objects, including 1 objects not considered by GC, pre-allocating 0 bytes for permanent pool.
LogInit: Object subsystem initialized
LogConfig: Applying CVar settings from Section [ConsoleVariables] File [Engine]
[2024.05.06-15.15.54:418][  0]LogConfig: Set CVar [[memory.MemoryPressureCriticalThresholdMB:512]]
[2024.05.06-15.15.54:418][  0]LogInit: Unix hardware info:
[2024.05.06-15.15.54:418][  0]LogInit:  - we are the first instance of this executable
[2024.05.06-15.15.54:418][  0]LogInit:  - this process' id (pid) is 33164, parent process' id (ppid) is 31501
[2024.05.06-15.15.54:418][  0]LogInit:  - we are not running under debugger
[2024.05.06-15.15.54:418][  0]LogInit:  - machine network name is 'PDC-NL-L174'
[2024.05.06-15.15.54:418][  0]LogInit:  - user name is 'athul' (athul)
[2024.05.06-15.15.54:418][  0]LogInit:  - we're logged in locally
[2024.05.06-15.15.54:418][  0]LogInit:  - we're running with rendering
[2024.05.06-15.15.54:418][  0]LogInit:  - CPU: GenuineIntel '11th Gen Intel(R) Core(TM) i7-1165G7 @ 2.80GHz' (signature: 0x806C1)
[2024.05.06-15.15.54:418][  0]LogInit:  - Number of physical cores available for the process: 4
[2024.05.06-15.15.54:418][  0]LogInit:  - Number of logical cores available for the process: 8
[2024.05.06-15.15.54:418][  0]LogInit:  - GPU Brand Info: NVIDIA T500 (NVIDIA UNIX x86_64 Kernel Module  535.171.04  Tue Mar 19 20:30:00 UTC 2024)
[2024.05.06-15.15.54:418][  0]LogInit:  - Memory allocator used: Mimalloc
[2024.05.06-15.15.54:418][  0]LogInit:  - This is an internal build.
[2024.05.06-15.15.54:418][  0]LogCore: Skipped benchmarking clocks because the engine is running in a standalone program mode - CLOCK_MONOTONIC will be used.
[2024.05.06-15.15.54:418][  0]LogInit: Unix-specific commandline switches:
[2024.05.06-15.15.54:418][  0]LogInit:  -ansimalloc - use malloc()/free() from libc (useful for tools like valgrind and electric fence)
[2024.05.06-15.15.54:418][  0]LogInit:  -jemalloc - use jemalloc for all memory allocation
[2024.05.06-15.15.54:418][  0]LogInit:  -binnedmalloc - use binned malloc  for all memory allocation
[2024.05.06-15.15.54:418][  0]LogInit:  -filemapcachesize=NUMBER - set the size for case-sensitive file mapping cache
[2024.05.06-15.15.54:418][  0]LogInit:  -useksm - uses kernel same-page mapping (KSM) for mapped memory (OFF)
[2024.05.06-15.15.54:418][  0]LogInit:  -ksmmergeall - marks all mmap'd memory pages suitable for KSM (OFF)
[2024.05.06-15.15.54:418][  0]LogInit:  -preloadmodulesymbols - Loads the main module symbols file into memory (OFF)
[2024.05.06-15.15.54:418][  0]LogInit:  -sigdfl=SIGNAL - Allows a specific signal to be set to its default handler rather then ignoring the signal
[2024.05.06-15.15.54:418][  0]LogInit:  -crashhandlerstacksize - Allows setting crash handler stack sizes (204800)
[2024.05.06-15.15.54:418][  0]LogInit:  -noexclusivelockonwrite - disables marking files created by the engine as exclusive locked while the engine has them opened
[2024.05.06-15.15.54:418][  0]LogInit:  -httpproxy=ADDRESS:PORT - redirects HTTP requests to a proxy (only supported if compiled with libcurl)
[2024.05.06-15.15.54:418][  0]LogInit:  -reuseconn - allow libcurl to reuse HTTP connections (only matters if compiled with libcurl)
[2024.05.06-15.15.54:418][  0]LogInit:  -virtmemkb=NUMBER - sets process virtual memory (address space) limit (overrides VirtualMemoryLimitInKB value from .ini)
[2024.05.06-15.15.54:418][  0]LogInit:  -allowsyscallfilterfile=PATH_TO_FILE - sets up a system call filter allow list. any invalid syscall in this list *will* cause a crash
[2024.05.06-15.15.54:418][  0]LogInit:  - Physical RAM available (not considering process quota): 16 GB (15667 MB, 16043944 KB, 16428998656 bytes)
[2024.05.06-15.15.54:418][  0]LogInit:  - VirtualMemoryAllocator pools will grow at scale 1
[2024.05.06-15.15.54:418][  0]LogInit:  - MemoryRangeDecommit() will be a no-op (re-run with -vmapoolevict to change)
[2024.05.06-15.15.54:418][  0]LogInit:  - PageSize 4096
[2024.05.06-15.15.54:418][  0]LogInit:  - BinnedPageSize 65536
[2024.05.06-15.15.54:421][  0]LogUObjectArray: 475 objects as part of root set at end of initial load.
[2024.05.06-15.15.54:421][  0]LogUObjectArray: 0 objects are not in the root set, but can never be destroyed because they are in the DisregardForGC set.
[2024.05.06-15.15.54:421][  0]LogUObjectAllocator: 80416 out of 0 bytes used by permanent object pool.
[2024.05.06-15.15.54:421][  0]LogUObjectArray: CloseDisregardForGC: 475/475 objects in disregard for GC pool
[2024.05.06-15.15.54:421][  0]LogInit: Using OS detected language (en-US).
[2024.05.06-15.15.54:421][  0]LogInit: Using OS detected locale (en-US).
[2024.05.06-15.15.54:422][  0]LogTextLocalizationManager: No specific localization for 'en-US' exists, so 'en' will be used for the language.
[2024.05.06-15.15.54:448][  0]LogInit: Using OS detected language (en-US).
[2024.05.06-15.15.54:448][  0]LogInit: Using OS detected locale (en-US).
[2024.05.06-15.15.54:448][  0]LogTextLocalizationManager: No localization for 'en-US' exists, so 'en' will be used for the language.
[2024.05.06-15.15.54:448][  0]LogTextLocalizationManager: No localization for 'en-US' exists, so 'en' will be used for the locale.
[2024.05.06-15.15.54:449][  0]LogPackageLocalizationCache: Processed 2 localized package path(s) for 1 prioritized culture(s) in 0.000089 seconds
[2024.05.06-15.15.54:465][  0]LogInit: Using libcurl 8.4.0
[2024.05.06-15.15.54:465][  0]LogInit:  - built for x86_64-unknown-linux-gnu
[2024.05.06-15.15.54:465][  0]LogInit:  - supports SSL with OpenSSL/1.1.1t
[2024.05.06-15.15.54:465][  0]LogInit:  - supports HTTP deflate (compression) using libz 1.3
[2024.05.06-15.15.54:465][  0]LogInit:  - other features:
[2024.05.06-15.15.54:465][  0]LogInit:      CURL_VERSION_SSL
[2024.05.06-15.15.54:465][  0]LogInit:      CURL_VERSION_LIBZ
[2024.05.06-15.15.54:465][  0]LogInit:      CURL_VERSION_IPV6
[2024.05.06-15.15.54:465][  0]LogInit:      CURL_VERSION_ASYNCHDNS
[2024.05.06-15.15.54:465][  0]LogInit:      CURL_VERSION_LARGEFILE
[2024.05.06-15.15.54:465][  0]LogInit:      CURL_VERSION_TLSAUTH_SRP
[2024.05.06-15.15.54:465][  0]LogInit:  CurlRequestOptions (configurable via config and command line):
[2024.05.06-15.15.54:465][  0]LogInit:  - bVerifyPeer = false  - Libcurl will NOT verify peer certificate
[2024.05.06-15.15.54:465][  0]LogInit:  - bUseHttpProxy = false  - Libcurl will NOT use HTTP proxy
[2024.05.06-15.15.54:465][  0]LogInit:  - bDontReuseConnections = false  - Libcurl will reuse connections
[2024.05.06-15.15.54:465][  0]LogInit:  - MaxHostConnections = 16  - Libcurl will limit the number of connections to a host
[2024.05.06-15.15.54:465][  0]LogInit:  - LocalHostAddr = Default
[2024.05.06-15.15.54:465][  0]LogInit:  - BufferSize = 65536
[2024.05.06-15.15.54:465][  0]LogInit: CreateHttpThread using FCurlMultiPollEventLoopHttpThread
[2024.05.06-15.15.54:466][  0]LogAnalytics: Display: [CrashReporter.Release] APIServer = https://datarouter.ol.epicgames.com/datarouter/api/v1/public/data. AppVersion = ++UE5+Release-5.4-CL-33305029
[2024.05.06-15.15.54:467][  0]CrashReportCoreLog: Display: Applying project settings from '/home/athul/unreal-engine-5-cpp-course/introproject1/Saved/Crashes/crashinfo-introproject1-pid-31501-ACF4A5A2DE3D4CB49ACF642D68C821B3/CrashReportClient.ini'.
[2024.05.06-15.15.54:467][  0]CrashReportCoreLog: CrashReportClientVersion=1.0
[2024.05.06-15.15.54:467][  0]CrashReportCoreLog: CrashReportReceiver disabled
[2024.05.06-15.15.54:467][  0]CrashReportCoreLog: DataRouterUrl: https://datarouter.ol.epicgames.com/datarouter/api/v1/public/data
[2024.05.06-15.15.54:468][  0]LogInit: Initializing SDL.
[2024.05.06-15.15.54:503][  0]LogInit: Initialized SDL 2.24.0 revision:  (compiled against 2.24.0)
[2024.05.06-15.15.54:503][  0]LogInit: Using SDL video driver 'x11'
[2024.05.06-15.15.54:539][  0]LogSlate: New Slate User Created. Platform User Id 0, User Index 0, Is Virtual User: 0
[2024.05.06-15.15.54:539][  0]LogSlate: Slate User Registered.  User Index 0, Is Virtual User: 0
[2024.05.06-15.15.54:548][  0]LogSlate: Using FreeType 2.10.0
[2024.05.06-15.15.54:549][  0]LogSlate: SlateFontServices - WITH_FREETYPE: 1, WITH_HARFBUZZ: 1
[2024.05.06-15.15.54:549][  0]LogInit: Using SDL_WINDOW_OPENGL
[2024.05.06-15.15.54:697][  0]LogInit: FSlateOpenGLContext::Initialize - creating OpenGL 2.1 context
[2024.05.06-15.15.54:720][  0]LogStreaming: Warning: Failed to read file '../../../Engine/Platforms/VisionOS/Content/Editor/Slate/Launcher/Platform_VisionOS_24x.png' error.
[2024.05.06-15.15.54:720][  0]LogSlateOpenGL: Could not find file for Slate texture: [../../../Engine/Platforms/VisionOS/Content/Editor/Slate/Launcher/Platform_VisionOS_24x.png] '../../../Engine/Platforms/VisionOS/Content/Editor/Slate/Launcher/Platform_VisionOS_24x.png'
[2024.05.06-15.15.54:720][  0]LogStreaming: Warning: Failed to read file '../../../Engine/Platforms/VisionOS/Content/Editor/Slate/Launcher/Platform_VisionOS_128x.png' error.
[2024.05.06-15.15.54:720][  0]LogSlateOpenGL: Could not find file for Slate texture: [../../../Engine/Platforms/VisionOS/Content/Editor/Slate/Launcher/Platform_VisionOS_128x.png] '../../../Engine/Platforms/VisionOS/Content/Editor/Slate/Launcher/Platform_VisionOS_128x.png'
[2024.05.06-15.15.54:720][  0]LogStreaming: Warning: Failed to read file '../../../Engine/Platforms/VisionOS/Content/Editor/Slate/Launcher/Platform_VisionOS_128x.png' error.
[2024.05.06-15.15.54:720][  0]LogSlateOpenGL: Could not find file for Slate texture: [../../../Engine/Platforms/VisionOS/Content/Editor/Slate/Launcher/Platform_VisionOS_128x.png] '../../../Engine/Platforms/VisionOS/Content/Editor/Slate/Launcher/Platform_VisionOS_128x.png'
[2024.05.06-15.15.54:771][  0]CrashReportCoreLog: Initial state = Unknown UploadState value
[2024.05.06-15.15.54:771][  0]CrashReportCoreLog: Initial state = Unknown UploadState value
[2024.05.06-15.15.54:798][  0]LogInit: FSlateOpenGLContext::Initialize - creating OpenGL 2.1 context
[2024.05.06-15.15.54:804][  0]LogSlate: Took 0.000140 seconds to synchronously load lazily loaded font '../../../Engine/Content/Slate/Fonts/Roboto-Regular.ttf' (155K)
[2024.05.06-15.15.54:804][  0]LogSlate: Took 0.000094 seconds to synchronously load lazily loaded font '../../../Engine/Content/Slate/Fonts/Roboto-Bold.ttf' (160K)
[2024.05.06-15.15.54:807][  0]LogSlate: Took 0.000053 seconds to synchronously load lazily loaded font '../../../Engine/Content/Slate/Fonts/Roboto-Italic.ttf' (157K)
[2024.05.06-15.16.08:354][  0]LogInit: FSlateOpenGLContext::Initialize - creating OpenGL 2.1 context
[2024.05.06-15.16.10:324][  0]CrashReportCoreLog: Got 4 pending files to upload from 'crashinfo-introproject1-pid-31501-ACF4A5A2DE3D4CB49ACF642D68C821B3'
[2024.05.06-15.16.10:324][  0]CrashReportCoreLog: State change from Ready to SendingFiles
[2024.05.06-15.16.10:324][  0]CrashReportCoreLog: CompressAndSendData have 4 pending files
[2024.05.06-15.16.10:324][  0]CrashReportCoreLog: CompressAndSendData compressing 379835 bytes ('/home/athul/unreal-engine-5-cpp-course/introproject1/Saved/Crashes/crashinfo-introproject1-pid-31501-ACF4A5A2DE3D4CB49ACF642D68C821B3/introproject1.log')
[2024.05.06-15.16.10:324][  0]CrashReportCoreLog: CompressAndSendData compressing 179 bytes ('/home/athul/unreal-engine-5-cpp-course/introproject1/Saved/Crashes/crashinfo-introproject1-pid-31501-ACF4A5A2DE3D4CB49ACF642D68C821B3/CrashReportClient.ini')
[2024.05.06-15.16.10:324][  0]CrashReportCoreLog: CompressAndSendData compressing 34254 bytes ('/home/athul/unreal-engine-5-cpp-course/introproject1/Saved/Crashes/crashinfo-introproject1-pid-31501-ACF4A5A2DE3D4CB49ACF642D68C821B3/CrashContext.runtime-xml')
[2024.05.06-15.16.10:324][  0]CrashReportCoreLog: CompressAndSendData compressing 3593 bytes ('/home/athul/unreal-engine-5-cpp-course/introproject1/Saved/Crashes/crashinfo-introproject1-pid-31501-ACF4A5A2DE3D4CB49ACF642D68C821B3/Diagnostics.txt')
[2024.05.06-15.16.10:330][  0]CrashReportCoreLog: Sending HTTP request: https://datarouter.ol.epicgames.com/datarouter/api/v1/public/data?AppID=CrashReporter&AppVersion=5.4.1-33305029%2B%2B%2BUE5%2BRelease-5.4&AppEnvironment=Release&UploadType=crashreports&UserID=7fad4720429543beae02b4c0315bf533-000003e8%7C%7C7fad4720429543beae02b4c0315bf533, Payload size: 57423
[2024.05.06-15.16.11:126][  0]CrashReportCoreLog: OnProcessRequestComplete(), State=SendingFiles bSucceeded=1
[2024.05.06-15.16.11:126][  0]CrashReportCoreLog: State change from SendingFiles to SendingFiles
[2024.05.06-15.16.11:126][  0]CrashReportCoreLog: All uploads done
[2024.05.06-15.16.11:126][  0]CrashReportCoreLog: State change from SendingFiles to Finished
[2024.05.06-15.16.11:359][  0]LogSlate: Request Window '' being destroyed
[2024.05.06-15.16.11:360][  0]LogSlate: Request Window 'introproject1 Crash Reporter' being destroyed
[2024.05.06-15.16.11:360][  0]LogSlate: Window 'introproject1 Crash Reporter' being destroyed
[2024.05.06-15.16.11:360][  0]LogCore: Engine exit requested (reason: OnRequestExit)
[2024.05.06-15.16.11:361][  0]CrashReportCoreLog: Final state (Receiver) = Finished
[2024.05.06-15.16.11:361][  0]CrashReportCoreLog: Final state (Receiver) = Unknown UploadState value
[2024.05.06-15.16.11:364][  0]LogSlate: Slate User Destroyed.  User Index 0, Is Virtual User: 0
[2024.05.06-15.16.11:364][  0]LogAnalytics: Display: [CrashReporter.Release] Destroying ET Analytics provider
[2024.05.06-15.16.11:364][  0]LogAnalytics: Display: [CrashReporter.Release] Ended ET Analytics provider session
[2024.05.06-15.16.11:364][  0]LogAnalytics: Display: [CrashReporter.Release] Destroyed ET Analytics provider
[2024.05.06-15.16.11:364][  0]LogCore: Engine exit requested (reason: CrashReportClientApp RequestExit; note: exit was already requested)
[2024.05.06-15.16.11:364][  0]LogExit: Preparing to exit.
[2024.05.06-15.16.11:394][  0]LogExit: Object subsystem successfully closed.
[2024.05.06-15.16.11:394][  0]LogHttp: Warning: [FHttpManager::Shutdown] Unbinding delegates for 1 outstanding Http Requests:
[2024.05.06-15.16.11:395][  0]LogHttp: Warning: 	verb=[POST] url=[https://datarouter.ol.epicgames.com/datarouter/api/v1/public/data?SessionID=%7B0587EDF0-254F-491A-9A3D-F85F7C7595FE%7D&AppID=CrashReporter.Release&AppVersion=%2B%2BUE5%2BRelease-5.4-CL-33305029&UserID=7fad4720429543beae02b4c0315bf533-000003e8%7C%7C7fad4720429543beae02b4c0315bf533&AppEnvironment=datacollector-binary&UploadType=eteventstream] refs=[2] status=Processing
[2024.05.06-15.16.11:395][  0]LogHttp: Warning: 	Sleeping 0.500s to wait for 1 outstanding Http Requests.
[2024.05.06-15.16.11:895][  0]LogPakFile: Destroying PakPlatformFile
[2024.05.06-15.16.11:896][  0]LogExit: Exiting.
[2024.05.06-15.16.11:896][  0]LogInit: Tearing down SDL.
[2024.05.06-15.16.11:940][  0]Log file closed, 05/06/24 17:16:11
